[0m17:19:18.150569 [debug] [MainThread]: Sending event: {'category': 'dbt', 'action': 'invocation', 'label': 'start', 'context': [<snowplow_tracker.self_describing_json.SelfDescribingJson object at 0x0000023B7CE00C20>, <snowplow_tracker.self_describing_json.SelfDescribingJson object at 0x0000023B7DF4BED0>, <snowplow_tracker.self_describing_json.SelfDescribingJson object at 0x0000023B7DF4BB10>]}


============================== 17:19:18.157324 | 2e66924d-ed01-4fce-a7cc-9e406389ab76 ==============================
[0m17:19:18.157324 [info ] [MainThread]: Running with dbt=1.11.7
[0m17:19:18.158569 [debug] [MainThread]: running dbt with arguments {'version_check': 'True', 'no_print': 'None', 'static_parser': 'True', 'warn_error_options': 'WarnErrorOptionsV2(error=[], warn=[], silence=[])', 'target_path': 'None', 'printer_width': '80', 'write_json': 'True', 'empty': 'None', 'log_cache_events': 'False', 'introspect': 'True', 'cache_selected_only': 'False', 'fail_fast': 'False', 'debug': 'False', 'log_format': 'default', 'profiles_dir': 'C:\\Users\\Saybu\\.dbt', 'send_anonymous_usage_stats': 'True', 'quiet': 'False', 'warn_error': 'None', 'partial_parse': 'True', 'indirect_selection': 'eager', 'invocation_command': 'dbt init dbt_task4', 'use_colors': 'True', 'use_experimental_parser': 'False', 'log_path': 'logs'}
[0m17:19:18.176193 [info ] [MainThread]: Creating dbt configuration folder at C:\Users\Saybu\.dbt
[0m17:19:18.179179 [debug] [MainThread]: Starter project path: C:\Users\Saybu\miniconda3\envs\idf\Lib\site-packages\dbt\include\starter_project
[0m17:19:18.195504 [info ] [MainThread]: 
Your new dbt project "dbt_task4" was created!

For more information on how to configure the profiles.yml file,
please consult the dbt documentation here:

  https://docs.getdbt.com/docs/configure-your-profile

One more thing:

Need help? Don't hesitate to reach out to us via GitHub issues or on Slack:

  https://community.getdbt.com/

Happy modeling!

[0m17:19:18.196289 [info ] [MainThread]: Setting up your profile.
[0m17:20:19.471925 [info ] [MainThread]: No sample profile found for clickhouse.
[0m17:20:19.473524 [debug] [MainThread]: Command `dbt init` succeeded at 17:20:19.473294 after 61.54 seconds
[0m17:20:19.474039 [debug] [MainThread]: Sending event: {'category': 'dbt', 'action': 'invocation', 'label': 'end', 'context': [<snowplow_tracker.self_describing_json.SelfDescribingJson object at 0x0000023B7F0609D0>, <snowplow_tracker.self_describing_json.SelfDescribingJson object at 0x0000023B7F0C45F0>, <snowplow_tracker.self_describing_json.SelfDescribingJson object at 0x0000023B7EFBA8B0>]}
[0m17:20:19.474681 [debug] [MainThread]: Flushing usage events
[0m17:20:20.018520 [debug] [MainThread]: An error was encountered while trying to flush usage events
